<?xml version="1.0" encoding="UTF-8"?>
<!-- Configures the Camel Context -->
<beans xmlns="http://www.springframework.org/schema/beans"
    xmlns:xsi="http://www.w3.org/2001/XMLSchema-instance" xsi:schemaLocation="http://www.springframework.org/schema/beans                        http://www.springframework.org/schema/beans/spring-beans.xsd                              http://camel.apache.org/schema/spring                                     http://camel.apache.org/schema/spring/camel-spring.xsd">
    <!-- A-MQ JMS Bean -->
    <bean
        class="org.apache.camel.spring.spi.BridgePropertyPlaceholderConfigurer" id="bridgePropertyPlaceholder">
        <property name="location" value="application.properties"/>
    </bean>
</beans>
